<?xml version="1.0" encoding="UTF-8"?>
<!-- Generated by org.testng.reporters.JUnitXMLReporter -->
<testsuite ignored="0" hostname="user1" failures="0" tests="4" name="Default test" time="0.107" errors="0" timestamp="2025-04-02T17:44:53 IST">
  <testcase classname="parallelscripts.SampleOneTest" name="testFour" time="0.015"/>
  <testcase classname="parallelscripts.SampleOneTest" name="testOne" time="0.002"/>
  <testcase classname="parallelscripts.SampleOneTest" name="testThree" time="0.006"/>
  <testcase classname="parallelscripts.SampleOneTest" name="testTwo" time="0.007"/>
</testsuite> <!-- Default test -->
