<?xml version="1.0" encoding="UTF-8"?>
<!-- Generated by org.testng.reporters.JUnitXMLReporter -->
<testsuite ignored="1" hostname="user1" failures="0" tests="1" name="Default test(failed)(failed)(failed)" time="7.199" errors="0" timestamp="2025-04-02T14:53:55 IST">
  <testcase classname="testscripts.BookSearchTest" name="novelStoriesSearch" time="0.178"/>
  <testcase classname="testscripts.BookSearchTest" name="crimeThrillerSearch" time="0.0">
    <ignored/>
  </testcase> <!-- crimeThrillerSearch -->
</testsuite> <!-- Default test(failed)(failed)(failed) -->
