<?xml version="1.0" encoding="UTF-8"?>
<testng-results ignored="0" total="4" passed="4" failed="0" skipped="0">
  <reporter-output>
  </reporter-output>
  <suite started-at="2025-04-02T17:44:53 IST" name="Default suite" finished-at="2025-04-02T17:44:53 IST" duration-ms="107">
    <groups>
    </groups>
    <test started-at="2025-04-02T17:44:53 IST" name="Default test" finished-at="2025-04-02T17:44:53 IST" duration-ms="107">
      <class name="parallelscripts.SampleOneTest">
        <test-method signature="testFour()[pri:0, instance:parallelscripts.SampleOneTest@4b45a2f5]" started-at="2025-04-02T17:44:53 IST" name="testFour" finished-at="2025-04-02T17:44:53 IST" duration-ms="15" status="PASS">
          <reporter-output>
          </reporter-output>
        </test-method> <!-- testFour -->
        <test-method signature="testOne()[pri:0, instance:parallelscripts.SampleOneTest@4b45a2f5]" started-at="2025-04-02T17:44:53 IST" name="testOne" finished-at="2025-04-02T17:44:53 IST" duration-ms="2" status="PASS">
          <reporter-output>
          </reporter-output>
        </test-method> <!-- testOne -->
        <test-method signature="testThree()[pri:0, instance:parallelscripts.SampleOneTest@4b45a2f5]" started-at="2025-04-02T17:44:53 IST" name="testThree" finished-at="2025-04-02T17:44:53 IST" duration-ms="6" status="PASS">
          <reporter-output>
          </reporter-output>
        </test-method> <!-- testThree -->
        <test-method signature="testTwo()[pri:0, instance:parallelscripts.SampleOneTest@4b45a2f5]" started-at="2025-04-02T17:44:53 IST" name="testTwo" finished-at="2025-04-02T17:44:53 IST" duration-ms="7" status="PASS">
          <reporter-output>
          </reporter-output>
        </test-method> <!-- testTwo -->
      </class> <!-- parallelscripts.SampleOneTest -->
    </test> <!-- Default test -->
  </suite> <!-- Default suite -->
</testng-results>
