<?xml version="1.0" encoding="UTF-8"?>
<testng-results ignored="0" total="1" passed="1" failed="0" skipped="0">
  <reporter-output>
  </reporter-output>
  <suite started-at="2025-03-25T15:36:03 IST" name="Default suite" finished-at="2025-03-25T15:36:08 IST" duration-ms="4980">
    <groups>
    </groups>
    <test started-at="2025-03-25T15:36:03 IST" name="Default test" finished-at="2025-03-25T15:36:08 IST" duration-ms="4980">
      <class name="testscripts.GooglePageTest">
        <test-method signature="seleniumsearch()[pri:0, instance:testscripts.GooglePageTest@65c7a252]" started-at="2025-03-25T15:36:03 IST" name="seleniumsearch" finished-at="2025-03-25T15:36:08 IST" duration-ms="4917" status="PASS">
          <reporter-output>
          </reporter-output>
        </test-method> <!-- seleniumsearch -->
      </class> <!-- testscripts.GooglePageTest -->
    </test> <!-- Default test -->
  </suite> <!-- Default suite -->
</testng-results>
